#
# A fatal error has been detected by the Java Runtime Environment:
#
#  EXCEPTION_ACCESS_VIOLATION (0xc0000005) at pc=0x00007ff91bb0f710, pid=5168, tid=15268
#
# JRE version: OpenJDK Runtime Environment GraalVM CE 21.3.0 (17.0.1+12) (build 17.0.1+12-jvmci-21.3-b05)
# Java VM: OpenJDK 64-Bit Server VM GraalVM CE 21.3.0 (17.0.1+12-jvmci-21.3-b05, mixed mode, sharing, tiered, jvmci, jvmci compiler, compressed oops, compressed class ptrs, g1 gc, windows-amd64)
# Problematic frame:
# C  [amdvlk64.dll+0x9cf710]
#
# No core dump will be written. Minidumps are not enabled by default on client versions of Windows
#
# If you would like to submit a bug report, please visit:
#   https://github.com/oracle/graal/issues
# The crash happened outside the Java Virtual Machine in native code.
# See problematic frame for where to report the bug.
#

---------------  S U M M A R Y ------------

Command Line: -XX:ThreadPriorityPolicy=1 -XX:+UnlockExperimentalVMOptions -XX:+EnableJVMCIProduct -XX:-UnlockExperimentalVMOptions --enable-native-access=ALL-UNNAMED --add-modules=jdk.incubator.foreign --enable-preview -Dfile.encoding=Cp1252 -XX:+ShowCodeDetailsInExceptionMessages main.game.Main

Host: Intel(R) Core(TM) i3-9100F CPU @ 3.60GHz, 4 cores, 15G,  Windows 10 , 64 bit Build 19041 (10.0.19041.1566)
Time: Wed Apr  6 10:31:19 2022 Eastern Daylight Time elapsed time: 1.093096 seconds (0d 0h 0m 1s)

---------------  T H R E A D  ---------------

Current thread (0x00000156b5658e40):  JavaThread "main" [_thread_in_native, id=15268, stack(0x0000003b1c500000,0x0000003b1c600000)]

Stack: [0x0000003b1c500000,0x0000003b1c600000],  sp=0x0000003b1c5f83e0,  free space=992k
Native frames: (J=compiled Java code, j=interpreted, Vv=VM code, C=native code)
C  [amdvlk64.dll+0x9cf710]

Java frames: (J=compiled Java code, j=interpreted, Vv=VM code)
j  org.lwjgl.system.JNI.callPJPPPI(JJIJJJJ)I+0
j  org.lwjgl.vulkan.VK10.nvkCreateGraphicsPipelines(Lorg/lwjgl/vulkan/VkDevice;JIJJJ)I+47
j  org.lwjgl.vulkan.VK10.vkCreateGraphicsPipelines(Lorg/lwjgl/vulkan/VkDevice;JLorg/lwjgl/vulkan/VkGraphicsPipelineCreateInfo$Buffer;Lorg/lwjgl/vulkan/VkAllocationCallbacks;Ljava/nio/LongBuffer;)I+35
j  main.engine.graphics.vulkan.Pipeline.<init>(Lmain/engine/graphics/vulkan/PipelineCache;Lmain/engine/graphics/vulkan/Pipeline$PipeLineCreationInfo;)V+659
j  main.engine.graphics.vulkan.nuklear.NuklearRenderActivity.createPipeline(Lmain/engine/graphics/vulkan/PipelineCache;J)V+38
j  main.engine.graphics.vulkan.nuklear.NuklearRenderActivity.<init>(Lmain/engine/graphics/vulkan/SwapChain;Lmain/engine/graphics/vulkan/CommandPool;Lmain/engine/graphics/vulkan/Queue;Lmain/engine/graphics/vulkan/PipelineCache;JLmain/engine/Window;)V+72
j  main.engine.graphics.vulkan.VKRenderer.<init>(Lmain/engine/Window;Lmain/engine/Scene;)V+337
j  main.engine.GameEngine.<init>(Ljava/lang/String;IIZLmain/engine/Window$WindowOptions;Lmain/engine/IGameLogic;)V+98
j  main.engine.GameEngine.<init>(Ljava/lang/String;Lmain/engine/Window$WindowOptions;Lmain/engine/IGameLogic;)V+12
j  main.game.Main.main([Ljava/lang/String;)V+39
v  ~StubRoutines::call_stub

siginfo: EXCEPTION_ACCESS_VIOLATION (0xc0000005), reading address 0xffffffff00000018


Register to memory mapping:

RIP=0x00007ff91bb0f710 amdvlk64.dll
RAX=0x00000156991f25f0 points into unknown readable memory: 0x00000156991f2580 | 80 25 1f 99 56 01 00 00
RBX=0x0000015699532498 points into unknown readable memory: 0x00007ff91d588e50 | 50 8e 58 1d f9 7f 00 00
RCX=0x0000003b1c5f8460 is pointing into the stack for thread: 0x00000156b5658e40
RDX=0x0000003b1c5f8570 is pointing into the stack for thread: 0x00000156b5658e40
RSP=0x0000003b1c5f83e0 is pointing into the stack for thread: 0x00000156b5658e40
RBP=0x0000003b1c5f8460 is pointing into the stack for thread: 0x00000156b5658e40
RSI=0x0 is NULL
RDI=0x00000156991f2638 points into unknown readable memory: 0x00000156991f25c8 | c8 25 1f 99 56 01 00 00
R8 =0x0000003b1c5f8488 is pointing into the stack for thread: 0x00000156b5658e40
R9 =0xffffffff00000000 is an unknown value
R10=0x000000000000001e is an unknown value
R11=0x00000156991f2638 points into unknown readable memory: 0x00000156991f25c8 | c8 25 1f 99 56 01 00 00
R12=0x0000000000000003 is an unknown value
R13=0x00000156991f06f0 points into unknown readable memory: 0x0000000000000000 | 00 00 00 00 00 00 00 00
R14=0x0000003b1c5f8570 is pointing into the stack for thread: 0x00000156b5658e40
R15=0x0000003b1c5f8488 is pointing into the stack for thread: 0x00000156b5658e40


Registers:
RAX=0x00000156991f25f0, RBX=0x0000015699532498, RCX=0x0000003b1c5f8460, RDX=0x0000003b1c5f8570
RSP=0x0000003b1c5f83e0, RBP=0x0000003b1c5f8460, RSI=0x0000000000000000, RDI=0x00000156991f2638
R8 =0x0000003b1c5f8488, R9 =0xffffffff00000000, R10=0x000000000000001e, R11=0x00000156991f2638
R12=0x0000000000000003, R13=0x00000156991f06f0, R14=0x0000003b1c5f8570, R15=0x0000003b1c5f8488
RIP=0x00007ff91bb0f710, EFLAGS=0x0000000000010286

Top of Stack: (sp=0x0000003b1c5f83e0)
0x0000003b1c5f83e0:   00000156ffffffff 0000003b1c5f8460
0x0000003b1c5f83f0:   0000015699537928 00000156991f06f0
0x0000003b1c5f8400:   0000015699537928 0000015699537928
0x0000003b1c5f8410:   0000000000000000 00007ff91bb0f4dc
0x0000003b1c5f8420:   0000015699532498 0000000000000000
0x0000003b1c5f8430:   0000003b1c5f8520 0000000000000000
0x0000003b1c5f8440:   0000015699532498 0000015600000000
0x0000003b1c5f8450:   0000015699537928 0000015600000000
0x0000003b1c5f8460:   00000156991f0098 0000000000000017
0x0000003b1c5f8470:   00000156991f1e88 00000156991f1b78
0x0000003b1c5f8480:   00000156991f2638 000001560000001e
0x0000003b1c5f8490:   0000015699532498 0000015699537928
0x0000003b1c5f84a0:   0000000000000000 00000156991f1b78
0x0000003b1c5f84b0:   00000156991f1be8 00000156991f1b08
0x0000003b1c5f84c0:   0000000000000003 0000015699531ba0
0x0000003b1c5f84d0:   0000015699538290 00000156991f1680 

Instructions: (pc=0x00007ff91bb0f710)
0x00007ff91bb0f610:   24 30 66 0f 7f 44 24 20 4c 8b d8 66 0f 7f 4c 24
0x00007ff91bb0f620:   30 4c 8b c8 48 89 47 08 48 89 77 18 48 c7 47 10
0x00007ff91bb0f630:   00 00 00 00 eb 6b 48 8b 41 08 48 8b 49 10 4d 8b
0x00007ff91bb0f640:   48 08 48 8b 52 08 48 8d 0c 88 49 3b d1 74 20 90
0x00007ff91bb0f650:   48 3b c1 74 20 48 8b 13 48 ff 4b 08 44 8b 02 48
0x00007ff91bb0f660:   8b 53 08 44 89 00 48 83 c0 04 49 3b d1 75 e1 48
0x00007ff91bb0f670:   89 77 10 eb 3c 48 8b 4f 10 4c 8d 44 24 30 48 8b
0x00007ff91bb0f680:   47 08 48 8d 54 24 20 0f 28 45 00 0f 28 0b 66 0f
0x00007ff91bb0f690:   7f 44 24 30 4c 8d 1c 88 66 0f 7f 4c 24 20 4d 8b
0x00007ff91bb0f6a0:   cb e8 da 05 00 00 49 2b c3 48 c1 f8 02 48 01 47
0x00007ff91bb0f6b0:   10 48 8b 5c 24 50 48 8b 6c 24 58 48 8b 74 24 60
0x00007ff91bb0f6c0:   48 83 c4 40 5f c3 cc cc cc cc cc cc cc cc cc cc
0x00007ff91bb0f6d0:   48 89 6c 24 18 48 89 74 24 20 57 41 56 41 57 48
0x00007ff91bb0f6e0:   83 ec 20 4c 8b 49 10 48 8d 79 10 4d 8b f8 4c 8b
0x00007ff91bb0f6f0:   f2 48 8b e9 41 bb 00 00 00 00 40 b6 01 49 83 e1
0x00007ff91bb0f700:   fe 74 2c 45 8b 10 66 66 0f 1f 84 00 00 00 00 00
0x00007ff91bb0f710:   45 3b 51 18 49 8b f9 40 0f 92 c6 73 06 4d 8b 49
0x00007ff91bb0f720:   08 eb 07 4d 8b d9 4d 8b 49 10 4d 85 c9 75 e1 4d
0x00007ff91bb0f730:   85 db 74 15 41 8b 00 41 39 43 18 72 0c c6 42 08
0x00007ff91bb0f740:   00 4c 89 1a e9 d9 00 00 00 4c 89 1a c6 42 08 01
0x00007ff91bb0f750:   ba 28 00 00 00 48 8b 09 48 89 5c 24 48 e8 be 8c
0x00007ff91bb0f760:   ed ff 48 8b d8 48 83 c0 18 74 0d 41 8b 0f 89 08
0x00007ff91bb0f770:   49 8b 4f 08 48 89 48 08 44 0f b6 c6 48 8b d7 40
0x00007ff91bb0f780:   84 f6 75 2c 48 8b 47 10 48 85 c0 75 23 48 8b 0f
0x00007ff91bb0f790:   48 83 e1 fe 48 3b 79 10 75 16 66 0f 1f 44 00 00
0x00007ff91bb0f7a0:   48 8b c1 48 8b 09 48 83 e1 fe 48 3b 41 10 74 f0
0x00007ff91bb0f7b0:   48 8d 45 10 48 89 44 24 40 48 3b d0 75 11 48 83
0x00007ff91bb0f7c0:   20 01 48 09 18 48 89 58 10 48 89 58 08 eb 23 45
0x00007ff91bb0f7d0:   84 c0 74 10 48 89 5a 08 48 3b 50 08 75 14 48 89
0x00007ff91bb0f7e0:   58 08 eb 0e 48 89 5a 10 48 3b 50 10 75 04 48 89
0x00007ff91bb0f7f0:   58 10 48 83 23 01 48 8d 4c 24 40 48 09 13 48 8b
0x00007ff91bb0f800:   d3 48 c7 43 10 00 00 00 00 48 c7 43 08 00 00 00 


Stack slot to memory mapping:
stack at sp + 0 slots: 0x00000156ffffffff is an unknown value
stack at sp + 1 slots: 0x0000003b1c5f8460 is pointing into the stack for thread: 0x00000156b5658e40
stack at sp + 2 slots: 0x0000015699537928 points into unknown readable memory: 0x00007ff91d582160 | 60 21 58 1d f9 7f 00 00
stack at sp + 3 slots: 0x00000156991f06f0 points into unknown readable memory: 0x0000000000000000 | 00 00 00 00 00 00 00 00
stack at sp + 4 slots: 0x0000015699537928 points into unknown readable memory: 0x00007ff91d582160 | 60 21 58 1d f9 7f 00 00
stack at sp + 5 slots: 0x0000015699537928 points into unknown readable memory: 0x00007ff91d582160 | 60 21 58 1d f9 7f 00 00
stack at sp + 6 slots: 0x0 is NULL
stack at sp + 7 slots: 0x00007ff91bb0f4dc amdvlk64.dll


---------------  P R O C E S S  ---------------

Threads class SMR info:
_java_thread_list=0x00000156f3d3be90, length=14, elements={
0x00000156b5658e40, 0x00000156d95c0a40, 0x00000156d95c22d0, 0x00000156d95d8bf0,
0x00000156d95d96b0, 0x00000156d95dc070, 0x00000156d95dca20, 0x00000156d95ddf50,
0x00000156d95fd530, 0x00000156d96086c0, 0x00000156da0ba830, 0x00000156da10cc20,
0x00000156da261b00, 0x00000156f42de780
}

Java Threads: ( => current thread )
=>0x00000156b5658e40 JavaThread "main" [_thread_in_native, id=15268, stack(0x0000003b1c500000,0x0000003b1c600000)]
  0x00000156d95c0a40 JavaThread "Reference Handler" daemon [_thread_blocked, id=12532, stack(0x0000003b1cc00000,0x0000003b1cd00000)]
  0x00000156d95c22d0 JavaThread "Finalizer" daemon [_thread_blocked, id=10704, stack(0x0000003b1cd00000,0x0000003b1ce00000)]
  0x00000156d95d8bf0 JavaThread "Signal Dispatcher" daemon [_thread_blocked, id=2420, stack(0x0000003b1cf00000,0x0000003b1d000000)]
  0x00000156d95d96b0 JavaThread "Attach Listener" daemon [_thread_blocked, id=17480, stack(0x0000003b1d000000,0x0000003b1d100000)]
  0x00000156d95dc070 JavaThread "Service Thread" daemon [_thread_blocked, id=18280, stack(0x0000003b1d100000,0x0000003b1d200000)]
  0x00000156d95dca20 JavaThread "Monitor Deflation Thread" daemon [_thread_blocked, id=10960, stack(0x0000003b1d200000,0x0000003b1d300000)]
  0x00000156d95ddf50 JavaThread "JVMCI-native CompilerThread0" daemon [_thread_blocked, id=11880, stack(0x0000003b1d300000,0x0000003b1d400000)]
  0x00000156d95fd530 JavaThread "C1 CompilerThread0" daemon [_thread_blocked, id=10876, stack(0x0000003b1d400000,0x0000003b1d500000)]
  0x00000156d96086c0 JavaThread "Sweeper thread" daemon [_thread_blocked, id=7756, stack(0x0000003b1d500000,0x0000003b1d600000)]
  0x00000156da0ba830 JavaThread "Common-Cleaner" daemon [_thread_blocked, id=13744, stack(0x0000003b1d600000,0x0000003b1d700000)]
  0x00000156da10cc20 JavaThread "Notification Thread" daemon [_thread_blocked, id=10920, stack(0x0000003b1d700000,0x0000003b1d800000)]
  0x00000156da261b00 JavaThread "JVMCI-native CompilerThread1" daemon [_thread_in_native, id=18336, stack(0x0000003b1da00000,0x0000003b1db00000)]
  0x00000156f42de780 JavaThread "Libgraal MBean Registration" daemon [_thread_blocked, id=10260, stack(0x0000003b1e700000,0x0000003b1e800000)]

Other Threads:
  0x00000156d95bade0 VMThread "VM Thread" [stack: 0x0000003b1cb00000,0x0000003b1cc00000] [id=18168]
  0x00000156da111710 WatcherThread [stack: 0x0000003b1d800000,0x0000003b1d900000] [id=8804]
  0x00000156b56a98e0 GCTaskThread "GC Thread#0" [stack: 0x0000003b1c600000,0x0000003b1c700000] [id=240]
  0x00000156e0b38060 GCTaskThread "GC Thread#1" [stack: 0x0000003b1de00000,0x0000003b1df00000] [id=7200]
  0x00000156e08fe050 GCTaskThread "GC Thread#2" [stack: 0x0000003b1df00000,0x0000003b1e000000] [id=9784]
  0x00000156e08fe300 GCTaskThread "GC Thread#3" [stack: 0x0000003b1e000000,0x0000003b1e100000] [id=1700]
  0x00000156b56bb770 ConcurrentGCThread "G1 Main Marker" [stack: 0x0000003b1c700000,0x0000003b1c800000] [id=13256]
  0x00000156b56bc180 ConcurrentGCThread "G1 Conc#0" [stack: 0x0000003b1c800000,0x0000003b1c900000] [id=12372]
  0x00000156d94824c0 ConcurrentGCThread "G1 Refine#0" [stack: 0x0000003b1c900000,0x0000003b1ca00000] [id=12772]
  0x00000156d9482ee0 ConcurrentGCThread "G1 Service" [stack: 0x0000003b1ca00000,0x0000003b1cb00000] [id=16480]

Threads with active compile tasks:
JVMCI-native CompilerThread1     1192 1118   !   4       main.engine.graphics.vulkan.nuklear.NuklearRenderActivity::createFontsTexture (448 bytes)

VM state: not at safepoint (normal execution)

VM Mutex/Monitor currently owned by a thread: None

Heap address: 0x0000000700c00000, size: 4084 MB, Compressed Oops mode: Zero based, Oop shift amount: 3

CDS archive(s) mapped at: [0x0000000800000000-0x0000000800bc0000-0x0000000800bc0000), size 12320768, SharedBaseAddress: 0x0000000800000000, ArchiveRelocationMode: 0.
Compressed class space mapped at: 0x0000000800c00000-0x0000000840c00000, reserved size: 1073741824
Narrow klass base: 0x0000000800000000, Narrow klass shift: 0, Narrow klass range: 0x100000000

GC Precious Log:
 CPUs: 4 total, 4 available
 Memory: 16328M
 Large Page Support: Disabled
 NUMA Support: Disabled
 Compressed Oops: Enabled (Zero based)
 Heap Region Size: 2M
 Heap Min Capacity: 8M
 Heap Initial Capacity: 256M
 Heap Max Capacity: 4084M
 Pre-touch: Disabled
 Parallel Workers: 4
 Concurrent Workers: 1
 Concurrent Refinement Workers: 4
 Periodic GC: Disabled

Heap:
 garbage-first heap   total 262144K, used 13634K [0x0000000700c00000, 0x0000000800000000)
  region size 2048K, 7 young (14336K), 1 survivors (2048K)
 Metaspace       used 10909K, committed 11136K, reserved 1064960K
  class space    used 756K, committed 832K, reserved 1048576K

Heap Regions: E=young(eden), S=young(survivor), O=old, HS=humongous(starts), HC=humongous(continues), CS=collection set, F=free, OA=open archive, CA=closed archive, TAMS=top-at-mark-start (previous, next)
|   0|0x0000000700c00000, 0x0000000700e00000, 0x0000000700e00000|100%| O|  |TAMS 0x0000000700c00000, 0x0000000700c00000| Untracked 
|   1|0x0000000700e00000, 0x0000000700e45800, 0x0000000701000000| 13%| O|  |TAMS 0x0000000700e00000, 0x0000000700e00000| Untracked 
|   2|0x0000000701000000, 0x0000000701000000, 0x0000000701200000|  0%| F|  |TAMS 0x0000000701000000, 0x0000000701000000| Untracked 
|   3|0x0000000701200000, 0x0000000701200000, 0x0000000701400000|  0%| F|  |TAMS 0x0000000701200000, 0x0000000701200000| Untracked 
|   4|0x0000000701400000, 0x0000000701400000, 0x0000000701600000|  0%| F|  |TAMS 0x0000000701400000, 0x0000000701400000| Untracked 
|   5|0x0000000701600000, 0x0000000701600000, 0x0000000701800000|  0%| F|  |TAMS 0x0000000701600000, 0x0000000701600000| Untracked 
|   6|0x0000000701800000, 0x0000000701800000, 0x0000000701a00000|  0%| F|  |TAMS 0x0000000701800000, 0x0000000701800000| Untracked 
|   7|0x0000000701a00000, 0x0000000701a00000, 0x0000000701c00000|  0%| F|  |TAMS 0x0000000701a00000, 0x0000000701a00000| Untracked 
|   8|0x0000000701c00000, 0x0000000701c00000, 0x0000000701e00000|  0%| F|  |TAMS 0x0000000701c00000, 0x0000000701c00000| Untracked 
|   9|0x0000000701e00000, 0x0000000701e00000, 0x0000000702000000|  0%| F|  |TAMS 0x0000000701e00000, 0x0000000701e00000| Untracked 
|  10|0x0000000702000000, 0x0000000702000000, 0x0000000702200000|  0%| F|  |TAMS 0x0000000702000000, 0x0000000702000000| Untracked 
|  11|0x0000000702200000, 0x0000000702200000, 0x0000000702400000|  0%| F|  |TAMS 0x0000000702200000, 0x0000000702200000| Untracked 
|  12|0x0000000702400000, 0x0000000702400000, 0x0000000702600000|  0%| F|  |TAMS 0x0000000702400000, 0x0000000702400000| Untracked 
|  13|0x0000000702600000, 0x0000000702600000, 0x0000000702800000|  0%| F|  |TAMS 0x0000000702600000, 0x0000000702600000| Untracked 
|  14|0x0000000702800000, 0x0000000702800000, 0x0000000702a00000|  0%| F|  |TAMS 0x0000000702800000, 0x0000000702800000| Untracked 
|  15|0x0000000702a00000, 0x0000000702a00000, 0x0000000702c00000|  0%| F|  |TAMS 0x0000000702a00000, 0x0000000702a00000| Untracked 
|  16|0x0000000702c00000, 0x0000000702c00000, 0x0000000702e00000|  0%| F|  |TAMS 0x0000000702c00000, 0x0000000702c00000| Untracked 
|  17|0x0000000702e00000, 0x0000000702e00000, 0x0000000703000000|  0%| F|  |TAMS 0x0000000702e00000, 0x0000000702e00000| Untracked 
|  18|0x0000000703000000, 0x0000000703000000, 0x0000000703200000|  0%| F|  |TAMS 0x0000000703000000, 0x0000000703000000| Untracked 
|  19|0x0000000703200000, 0x0000000703200000, 0x0000000703400000|  0%| F|  |TAMS 0x0000000703200000, 0x0000000703200000| Untracked 
|  20|0x0000000703400000, 0x0000000703400000, 0x0000000703600000|  0%| F|  |TAMS 0x0000000703400000, 0x0000000703400000| Untracked 
|  21|0x0000000703600000, 0x0000000703600000, 0x0000000703800000|  0%| F|  |TAMS 0x0000000703600000, 0x0000000703600000| Untracked 
|  22|0x0000000703800000, 0x0000000703800000, 0x0000000703a00000|  0%| F|  |TAMS 0x0000000703800000, 0x0000000703800000| Untracked 
|  23|0x0000000703a00000, 0x0000000703a00000, 0x0000000703c00000|  0%| F|  |TAMS 0x0000000703a00000, 0x0000000703a00000| Untracked 
|  24|0x0000000703c00000, 0x0000000703c00000, 0x0000000703e00000|  0%| F|  |TAMS 0x0000000703c00000, 0x0000000703c00000| Untracked 
|  25|0x0000000703e00000, 0x0000000703e00000, 0x0000000704000000|  0%| F|  |TAMS 0x0000000703e00000, 0x0000000703e00000| Untracked 
|  26|0x0000000704000000, 0x0000000704000000, 0x0000000704200000|  0%| F|  |TAMS 0x0000000704000000, 0x0000000704000000| Untracked 
|  27|0x0000000704200000, 0x0000000704200000, 0x0000000704400000|  0%| F|  |TAMS 0x0000000704200000, 0x0000000704200000| Untracked 
|  28|0x0000000704400000, 0x0000000704400000, 0x0000000704600000|  0%| F|  |TAMS 0x0000000704400000, 0x0000000704400000| Untracked 
|  29|0x0000000704600000, 0x0000000704600000, 0x0000000704800000|  0%| F|  |TAMS 0x0000000704600000, 0x0000000704600000| Untracked 
|  30|0x0000000704800000, 0x0000000704800000, 0x0000000704a00000|  0%| F|  |TAMS 0x0000000704800000, 0x0000000704800000| Untracked 
|  31|0x0000000704a00000, 0x0000000704a00000, 0x0000000704c00000|  0%| F|  |TAMS 0x0000000704a00000, 0x0000000704a00000| Untracked 
|  32|0x0000000704c00000, 0x0000000704c00000, 0x0000000704e00000|  0%| F|  |TAMS 0x0000000704c00000, 0x0000000704c00000| Untracked 
|  33|0x0000000704e00000, 0x0000000704e00000, 0x0000000705000000|  0%| F|  |TAMS 0x0000000704e00000, 0x0000000704e00000| Untracked 
|  34|0x0000000705000000, 0x0000000705000000, 0x0000000705200000|  0%| F|  |TAMS 0x0000000705000000, 0x0000000705000000| Untracked 
|  35|0x0000000705200000, 0x0000000705200000, 0x0000000705400000|  0%| F|  |TAMS 0x0000000705200000, 0x0000000705200000| Untracked 
|  36|0x0000000705400000, 0x0000000705400000, 0x0000000705600000|  0%| F|  |TAMS 0x0000000705400000, 0x0000000705400000| Untracked 
|  37|0x0000000705600000, 0x0000000705600000, 0x0000000705800000|  0%| F|  |TAMS 0x0000000705600000, 0x0000000705600000| Untracked 
|  38|0x0000000705800000, 0x0000000705800000, 0x0000000705a00000|  0%| F|  |TAMS 0x0000000705800000, 0x0000000705800000| Untracked 
|  39|0x0000000705a00000, 0x0000000705a00000, 0x0000000705c00000|  0%| F|  |TAMS 0x0000000705a00000, 0x0000000705a00000| Untracked 
|  40|0x0000000705c00000, 0x0000000705c00000, 0x0000000705e00000|  0%| F|  |TAMS 0x0000000705c00000, 0x0000000705c00000| Untracked 
|  41|0x0000000705e00000, 0x0000000705e00000, 0x0000000706000000|  0%| F|  |TAMS 0x0000000705e00000, 0x0000000705e00000| Untracked 
|  42|0x0000000706000000, 0x0000000706000000, 0x0000000706200000|  0%| F|  |TAMS 0x0000000706000000, 0x0000000706000000| Untracked 
|  43|0x0000000706200000, 0x0000000706200000, 0x0000000706400000|  0%| F|  |TAMS 0x0000000706200000, 0x0000000706200000| Untracked 
|  44|0x0000000706400000, 0x0000000706400000, 0x0000000706600000|  0%| F|  |TAMS 0x0000000706400000, 0x0000000706400000| Untracked 
|  45|0x0000000706600000, 0x0000000706600000, 0x0000000706800000|  0%| F|  |TAMS 0x0000000706600000, 0x0000000706600000| Untracked 
|  46|0x0000000706800000, 0x0000000706800000, 0x0000000706a00000|  0%| F|  |TAMS 0x0000000706800000, 0x0000000706800000| Untracked 
|  47|0x0000000706a00000, 0x0000000706a00000, 0x0000000706c00000|  0%| F|  |TAMS 0x0000000706a00000, 0x0000000706a00000| Untracked 
|  48|0x0000000706c00000, 0x0000000706c00000, 0x0000000706e00000|  0%| F|  |TAMS 0x0000000706c00000, 0x0000000706c00000| Untracked 
|  49|0x0000000706e00000, 0x0000000706e00000, 0x0000000707000000|  0%| F|  |TAMS 0x0000000706e00000, 0x0000000706e00000| Untracked 
|  50|0x0000000707000000, 0x0000000707000000, 0x0000000707200000|  0%| F|  |TAMS 0x0000000707000000, 0x0000000707000000| Untracked 
|  51|0x0000000707200000, 0x0000000707200000, 0x0000000707400000|  0%| F|  |TAMS 0x0000000707200000, 0x0000000707200000| Untracked 
|  52|0x0000000707400000, 0x0000000707400000, 0x0000000707600000|  0%| F|  |TAMS 0x0000000707400000, 0x0000000707400000| Untracked 
|  53|0x0000000707600000, 0x0000000707600000, 0x0000000707800000|  0%| F|  |TAMS 0x0000000707600000, 0x0000000707600000| Untracked 
|  54|0x0000000707800000, 0x0000000707800000, 0x0000000707a00000|  0%| F|  |TAMS 0x0000000707800000, 0x0000000707800000| Untracked 
|  55|0x0000000707a00000, 0x0000000707a00000, 0x0000000707c00000|  0%| F|  |TAMS 0x0000000707a00000, 0x0000000707a00000| Untracked 
|  56|0x0000000707c00000, 0x0000000707c00000, 0x0000000707e00000|  0%| F|  |TAMS 0x0000000707c00000, 0x0000000707c00000| Untracked 
|  57|0x0000000707e00000, 0x0000000707e00000, 0x0000000708000000|  0%| F|  |TAMS 0x0000000707e00000, 0x0000000707e00000| Untracked 
|  58|0x0000000708000000, 0x0000000708000000, 0x0000000708200000|  0%| F|  |TAMS 0x0000000708000000, 0x0000000708000000| Untracked 
|  59|0x0000000708200000, 0x0000000708200000, 0x0000000708400000|  0%| F|  |TAMS 0x0000000708200000, 0x0000000708200000| Untracked 
|  60|0x0000000708400000, 0x0000000708400000, 0x0000000708600000|  0%| F|  |TAMS 0x0000000708400000, 0x0000000708400000| Untracked 
|  61|0x0000000708600000, 0x0000000708600000, 0x0000000708800000|  0%| F|  |TAMS 0x0000000708600000, 0x0000000708600000| Untracked 
|  62|0x0000000708800000, 0x0000000708800000, 0x0000000708a00000|  0%| F|  |TAMS 0x0000000708800000, 0x0000000708800000| Untracked 
|  63|0x0000000708a00000, 0x0000000708a00000, 0x0000000708c00000|  0%| F|  |TAMS 0x0000000708a00000, 0x0000000708a00000| Untracked 
|  64|0x0000000708c00000, 0x0000000708c00000, 0x0000000708e00000|  0%| F|  |TAMS 0x0000000708c00000, 0x0000000708c00000| Untracked 
|  65|0x0000000708e00000, 0x0000000708e00000, 0x0000000709000000|  0%| F|  |TAMS 0x0000000708e00000, 0x0000000708e00000| Untracked 
|  66|0x0000000709000000, 0x0000000709000000, 0x0000000709200000|  0%| F|  |TAMS 0x0000000709000000, 0x0000000709000000| Untracked 
|  67|0x0000000709200000, 0x0000000709200000, 0x0000000709400000|  0%| F|  |TAMS 0x0000000709200000, 0x0000000709200000| Untracked 
|  68|0x0000000709400000, 0x0000000709400000, 0x0000000709600000|  0%| F|  |TAMS 0x0000000709400000, 0x0000000709400000| Untracked 
|  69|0x0000000709600000, 0x0000000709600000, 0x0000000709800000|  0%| F|  |TAMS 0x0000000709600000, 0x0000000709600000| Untracked 
|  70|0x0000000709800000, 0x0000000709800000, 0x0000000709a00000|  0%| F|  |TAMS 0x0000000709800000, 0x0000000709800000| Untracked 
|  71|0x0000000709a00000, 0x0000000709a00000, 0x0000000709c00000|  0%| F|  |TAMS 0x0000000709a00000, 0x0000000709a00000| Untracked 
|  72|0x0000000709c00000, 0x0000000709c00000, 0x0000000709e00000|  0%| F|  |TAMS 0x0000000709c00000, 0x0000000709c00000| Untracked 
|  73|0x0000000709e00000, 0x0000000709e00000, 0x000000070a000000|  0%| F|  |TAMS 0x0000000709e00000, 0x0000000709e00000| Untracked 
|  74|0x000000070a000000, 0x000000070a000000, 0x000000070a200000|  0%| F|  |TAMS 0x000000070a000000, 0x000000070a000000| Untracked 
|  75|0x000000070a200000, 0x000000070a200000, 0x000000070a400000|  0%| F|  |TAMS 0x000000070a200000, 0x000000070a200000| Untracked 
|  76|0x000000070a400000, 0x000000070a400000, 0x000000070a600000|  0%| F|  |TAMS 0x000000070a400000, 0x000000070a400000| Untracked 
|  77|0x000000070a600000, 0x000000070a600000, 0x000000070a800000|  0%| F|  |TAMS 0x000000070a600000, 0x000000070a600000| Untracked 
|  78|0x000000070a800000, 0x000000070a800000, 0x000000070aa00000|  0%| F|  |TAMS 0x000000070a800000, 0x000000070a800000| Untracked 
|  79|0x000000070aa00000, 0x000000070aa00000, 0x000000070ac00000|  0%| F|  |TAMS 0x000000070aa00000, 0x000000070aa00000| Untracked 
|  80|0x000000070ac00000, 0x000000070ac00000, 0x000000070ae00000|  0%| F|  |TAMS 0x000000070ac00000, 0x000000070ac00000| Untracked 
|  81|0x000000070ae00000, 0x000000070ae00000, 0x000000070b000000|  0%| F|  |TAMS 0x000000070ae00000, 0x000000070ae00000| Untracked 
|  82|0x000000070b000000, 0x000000070b000000, 0x000000070b200000|  0%| F|  |TAMS 0x000000070b000000, 0x000000070b000000| Untracked 
|  83|0x000000070b200000, 0x000000070b200000, 0x000000070b400000|  0%| F|  |TAMS 0x000000070b200000, 0x000000070b200000| Untracked 
|  84|0x000000070b400000, 0x000000070b400000, 0x000000070b600000|  0%| F|  |TAMS 0x000000070b400000, 0x000000070b400000| Untracked 
|  85|0x000000070b600000, 0x000000070b600000, 0x000000070b800000|  0%| F|  |TAMS 0x000000070b600000, 0x000000070b600000| Untracked 
|  86|0x000000070b800000, 0x000000070b800000, 0x000000070ba00000|  0%| F|  |TAMS 0x000000070b800000, 0x000000070b800000| Untracked 
|  87|0x000000070ba00000, 0x000000070ba00000, 0x000000070bc00000|  0%| F|  |TAMS 0x000000070ba00000, 0x000000070ba00000| Untracked 
|  88|0x000000070bc00000, 0x000000070bc00000, 0x000000070be00000|  0%| F|  |TAMS 0x000000070bc00000, 0x000000070bc00000| Untracked 
|  89|0x000000070be00000, 0x000000070be00000, 0x000000070c000000|  0%| F|  |TAMS 0x000000070be00000, 0x000000070be00000| Untracked 
|  90|0x000000070c000000, 0x000000070c000000, 0x000000070c200000|  0%| F|  |TAMS 0x000000070c000000, 0x000000070c000000| Untracked 
|  91|0x000000070c200000, 0x000000070c200000, 0x000000070c400000|  0%| F|  |TAMS 0x000000070c200000, 0x000000070c200000| Untracked 
|  92|0x000000070c400000, 0x000000070c400000, 0x000000070c600000|  0%| F|  |TAMS 0x000000070c400000, 0x000000070c400000| Untracked 
|  93|0x000000070c600000, 0x000000070c600000, 0x000000070c800000|  0%| F|  |TAMS 0x000000070c600000, 0x000000070c600000| Untracked 
|  94|0x000000070c800000, 0x000000070c800000, 0x000000070ca00000|  0%| F|  |TAMS 0x000000070c800000, 0x000000070c800000| Untracked 
|  95|0x000000070ca00000, 0x000000070ca00000, 0x000000070cc00000|  0%| F|  |TAMS 0x000000070ca00000, 0x000000070ca00000| Untracked 
|  96|0x000000070cc00000, 0x000000070cc00000, 0x000000070ce00000|  0%| F|  |TAMS 0x000000070cc00000, 0x000000070cc00000| Untracked 
|  97|0x000000070ce00000, 0x000000070ce00000, 0x000000070d000000|  0%| F|  |TAMS 0x000000070ce00000, 0x000000070ce00000| Untracked 
|  98|0x000000070d000000, 0x000000070d000000, 0x000000070d200000|  0%| F|  |TAMS 0x000000070d000000, 0x000000070d000000| Untracked 
|  99|0x000000070d200000, 0x000000070d200000, 0x000000070d400000|  0%| F|  |TAMS 0x000000070d200000, 0x000000070d200000| Untracked 
| 100|0x000000070d400000, 0x000000070d400000, 0x000000070d600000|  0%| F|  |TAMS 0x000000070d400000, 0x000000070d400000| Untracked 
| 101|0x000000070d600000, 0x000000070d600000, 0x000000070d800000|  0%| F|  |TAMS 0x000000070d600000, 0x000000070d600000| Untracked 
| 102|0x000000070d800000, 0x000000070d800000, 0x000000070da00000|  0%| F|  |TAMS 0x000000070d800000, 0x000000070d800000| Untracked 
| 103|0x000000070da00000, 0x000000070da00000, 0x000000070dc00000|  0%| F|  |TAMS 0x000000070da00000, 0x000000070da00000| Untracked 
| 104|0x000000070dc00000, 0x000000070dc00000, 0x000000070de00000|  0%| F|  |TAMS 0x000000070dc00000, 0x000000070dc00000| Untracked 
| 105|0x000000070de00000, 0x000000070de00000, 0x000000070e000000|  0%| F|  |TAMS 0x000000070de00000, 0x000000070de00000| Untracked 
| 106|0x000000070e000000, 0x000000070e000000, 0x000000070e200000|  0%| F|  |TAMS 0x000000070e000000, 0x000000070e000000| Untracked 
| 107|0x000000070e200000, 0x000000070e200000, 0x000000070e400000|  0%| F|  |TAMS 0x000000070e200000, 0x000000070e200000| Untracked 
| 108|0x000000070e400000, 0x000000070e400000, 0x000000070e600000|  0%| F|  |TAMS 0x000000070e400000, 0x000000070e400000| Untracked 
| 109|0x000000070e600000, 0x000000070e600000, 0x000000070e800000|  0%| F|  |TAMS 0x000000070e600000, 0x000000070e600000| Untracked 
| 110|0x000000070e800000, 0x000000070e800000, 0x000000070ea00000|  0%| F|  |TAMS 0x000000070e800000, 0x000000070e800000| Untracked 
| 111|0x000000070ea00000, 0x000000070ea00000, 0x000000070ec00000|  0%| F|  |TAMS 0x000000070ea00000, 0x000000070ea00000| Untracked 
| 112|0x000000070ec00000, 0x000000070ec00000, 0x000000070ee00000|  0%| F|  |TAMS 0x000000070ec00000, 0x000000070ec00000| Untracked 
| 113|0x000000070ee00000, 0x000000070ee00000, 0x000000070f000000|  0%| F|  |TAMS 0x000000070ee00000, 0x000000070ee00000| Untracked 
| 114|0x000000070f000000, 0x000000070f000000, 0x000000070f200000|  0%| F|  |TAMS 0x000000070f000000, 0x000000070f000000| Untracked 
| 115|0x000000070f200000, 0x000000070f200000, 0x000000070f400000|  0%| F|  |TAMS 0x000000070f200000, 0x000000070f200000| Untracked 
| 116|0x000000070f400000, 0x000000070f400000, 0x000000070f600000|  0%| F|  |TAMS 0x000000070f400000, 0x000000070f400000| Untracked 
| 117|0x000000070f600000, 0x000000070f600000, 0x000000070f800000|  0%| F|  |TAMS 0x000000070f600000, 0x000000070f600000| Untracked 
| 118|0x000000070f800000, 0x000000070f800000, 0x000000070fa00000|  0%| F|  |TAMS 0x000000070f800000, 0x000000070f800000| Untracked 
| 119|0x000000070fa00000, 0x000000070fb0b0a0, 0x000000070fc00000| 52%| S|CS|TAMS 0x000000070fa00000, 0x000000070fa00000| Complete 
| 120|0x000000070fc00000, 0x000000070fc00000, 0x000000070fe00000|  0%| F|  |TAMS 0x000000070fc00000, 0x000000070fc00000| Untracked 
| 121|0x000000070fe00000, 0x000000070fe00000, 0x0000000710000000|  0%| F|  |TAMS 0x000000070fe00000, 0x000000070fe00000| Untracked 
| 122|0x0000000710000000, 0x0000000710200000, 0x0000000710200000|100%| E|  |TAMS 0x0000000710000000, 0x0000000710000000| Complete 
| 123|0x0000000710200000, 0x0000000710400000, 0x0000000710400000|100%| E|CS|TAMS 0x0000000710200000, 0x0000000710200000| Complete 
| 124|0x0000000710400000, 0x0000000710600000, 0x0000000710600000|100%| E|CS|TAMS 0x0000000710400000, 0x0000000710400000| Complete 
| 125|0x0000000710600000, 0x0000000710800000, 0x0000000710800000|100%| E|CS|TAMS 0x0000000710600000, 0x0000000710600000| Complete 
| 126|0x0000000710800000, 0x0000000710a00000, 0x0000000710a00000|100%| E|CS|TAMS 0x0000000710800000, 0x0000000710800000| Complete 
| 127|0x0000000710a00000, 0x0000000710c00000, 0x0000000710c00000|100%| E|CS|TAMS 0x0000000710a00000, 0x0000000710a00000| Complete 

Card table byte_map: [0x00000156ce150000,0x00000156ce950000] _byte_map_base: 0x00000156ca94a000

Marking Bits (Prev, Next): (CMBitMap*) 0x00000156b56aaf00, (CMBitMap*) 0x00000156b56aaf40
 Prev Bits: [0x00000156cf150000, 0x00000156d3120000)
 Next Bits: [0x00000156d3120000, 0x00000156d70f0000)

Polling page: 0x00000156b4e30000

Metaspace:

Usage:
  Non-class:      9.91 MB used.
      Class:    756.59 KB used.
       Both:     10.65 MB used.

Virtual space:
  Non-class space:       16.00 MB reserved,      10.06 MB ( 63%) committed,  2 nodes.
      Class space:        1.00 GB reserved,     832.00 KB ( <1%) committed,  1 nodes.
             Both:        1.02 GB reserved,      10.88 MB (  1%) committed. 

Chunk freelists:
   Non-Class:  1.12 MB
       Class:  3.03 MB
        Both:  4.15 MB

MaxMetaspaceSize: unlimited
CompressedClassSpaceSize: 1.00 GB
Initial GC threshold: 21.00 MB
Current GC threshold: 21.00 MB
CDS: on
MetaspaceReclaimPolicy: balanced
 - commit_granule_bytes: 65536.
 - commit_granule_words: 8192.
 - virtual_space_node_default_size: 1048576.
 - enlarge_chunks_in_place: 1.
 - new_chunks_are_fully_committed: 0.
 - uncommit_free_chunks: 1.
 - use_allocation_guard: 0.
 - handle_deallocations: 1.


Internal statistics:

num_allocs_failed_limit: 0.
num_arena_births: 134.
num_arena_deaths: 0.
num_vsnodes_births: 3.
num_vsnodes_deaths: 0.
num_space_committed: 174.
num_space_uncommitted: 0.
num_chunks_returned_to_freelist: 0.
num_chunks_taken_from_freelist: 452.
num_chunk_merges: 0.
num_chunk_splits: 323.
num_chunks_enlarged: 259.
num_purges: 0.
num_inconsistent_stats: 0.

CodeHeap 'non-profiled nmethods': size=120000Kb used=384Kb max_used=384Kb free=119616Kb
 bounds [0x00000156c6420000, 0x00000156c6690000, 0x00000156cd950000]
CodeHeap 'profiled nmethods': size=120000Kb used=2131Kb max_used=2131Kb free=117869Kb
 bounds [0x00000156beef0000, 0x00000156bf160000, 0x00000156c6420000]
CodeHeap 'non-nmethods': size=5760Kb used=1792Kb max_used=1792Kb free=3967Kb
 bounds [0x00000156be950000, 0x00000156bebc0000, 0x00000156beef0000]
 total_blobs=2424 nmethods=1160 adapters=1180
 compilation: enabled
              stopped_count=0, restarted_count=0
 full_count=0

JVMCI Events (6 events):
Event: 0.017 Thread 0x00000156b5658e40 created new JVMCI runtime 0 (0x00000156d95b4550)
Event: 0.017 Thread 0x00000156b5658e40 created new JVMCI runtime -1 (0x00000156d95b4490)
Event: 0.105 Thread 0x00000156d95ddf50 loaded JVMCI shared library from C:\Program Files\Java\graalvm-ce-java17-21.3.0\bin\jvmcicompiler.dll
Event: 0.121 Thread 0x00000156d95ddf50 created JavaVM[1]@0x00000156db008ac0 for JVMCI runtime 0
Event: 0.121 Thread 0x00000156d95ddf50 initializing JVMCI runtime 0
Event: 0.123 Thread 0x00000156d95ddf50 initialized JVMCI runtime 0

Compilation events (20 events):
Event: 1.000 Thread 0x00000156d95fd530 1126       3       sun.invoke.util.Wrapper::isDoubleWord (15 bytes)
Event: 1.000 Thread 0x00000156d95fd530 nmethod 1126 0x00000156bf0f2b90 code [0x00000156bf0f2d20, 0x00000156bf0f2e98]
Event: 1.000 Thread 0x00000156d95fd530 1127       3       java.lang.invoke.MethodHandles$Lookup::checkAccess (232 bytes)
Event: 1.001 Thread 0x00000156d95fd530 nmethod 1127 0x00000156bf0f2f10 code [0x00000156bf0f3200, 0x00000156bf0f42b8]
Event: 1.001 Thread 0x00000156d95fd530 1129       3       jdk.internal.org.objectweb.asm.Type::getDescriptor (93 bytes)
Event: 1.001 Thread 0x00000156d95fd530 nmethod 1129 0x00000156bf0f4710 code [0x00000156bf0f4980, 0x00000156bf0f5128]
Event: 1.001 Thread 0x00000156d95fd530 1132       3       jdk.internal.org.objectweb.asm.SymbolTable$Entry::<init> (20 bytes)
Event: 1.001 Thread 0x00000156d95fd530 nmethod 1132 0x00000156bf0f5410 code [0x00000156bf0f55a0, 0x00000156bf0f56e8]
Event: 1.001 Thread 0x00000156d95fd530 1130       3       sun.invoke.util.BytecodeDescriptor::unparse (24 bytes)
Event: 1.002 Thread 0x00000156d95fd530 nmethod 1130 0x00000156bf0f5790 code [0x00000156bf0f5940, 0x00000156bf0f5b48]
Event: 1.002 Thread 0x00000156d95fd530 1133       1       jdk.internal.org.objectweb.asm.SymbolTable::getConstantPoolCount (5 bytes)
Event: 1.002 Thread 0x00000156d95fd530 nmethod 1133 0x00000156c647d110 code [0x00000156c647d2a0, 0x00000156c647d378]
Event: 1.002 Thread 0x00000156d95fd530 1136       3       org.lwjgl.system.MemoryUtil::memPutAddress (29 bytes)
Event: 1.002 Thread 0x00000156d95fd530 nmethod 1136 0x00000156bf0f5c10 code [0x00000156bf0f5da0, 0x00000156bf0f5f18]
Event: 1.002 Thread 0x00000156d95fd530 1137       3       java.lang.invoke.MethodHandleNatives::refKindIsMethod (19 bytes)
Event: 1.002 Thread 0x00000156d95fd530 nmethod 1137 0x00000156bf0f6010 code [0x00000156bf0f61c0, 0x00000156bf0f6418]
Event: 1.003 Thread 0x00000156d95fd530 1138       3       java.lang.AbstractStringBuilder::append (55 bytes)
Event: 1.003 Thread 0x00000156d95fd530 nmethod 1138 0x00000156bf0f6510 code [0x00000156bf0f66e0, 0x00000156bf0f6a18]
Event: 1.003 Thread 0x00000156d95ddf50 1139   !   4       java.util.concurrent.ConcurrentHashMap::putVal (432 bytes)
Event: 1.023 Thread 0x00000156d95ddf50 nmethod 1139 0x00000156c647d410 code [0x00000156c647d620, 0x00000156c647e8d0]

GC Heap History (4 events):
Event: 0.406 GC heap before
{Heap before GC invocations=0 (full 0):
 garbage-first heap   total 262144K, used 10240K [0x0000000700c00000, 0x0000000800000000)
  region size 2048K, 6 young (12288K), 0 survivors (0K)
 Metaspace       used 3571K, committed 3776K, reserved 1056768K
  class space    used 208K, committed 320K, reserved 1048576K
}
Event: 0.408 GC heap after
{Heap after GC invocations=1 (full 0):
 garbage-first heap   total 262144K, used 2408K [0x0000000700c00000, 0x0000000800000000)
  region size 2048K, 1 young (2048K), 1 survivors (2048K)
 Metaspace       used 3571K, committed 3776K, reserved 1056768K
  class space    used 208K, committed 320K, reserved 1048576K
}
Event: 0.799 GC heap before
{Heap before GC invocations=1 (full 0):
 garbage-first heap   total 262144K, used 14696K [0x0000000700c00000, 0x0000000800000000)
  region size 2048K, 8 young (16384K), 1 survivors (2048K)
 Metaspace       used 7371K, committed 7616K, reserved 1064960K
  class space    used 495K, committed 640K, reserved 1048576K
}
Event: 0.801 GC heap after
{Heap after GC invocations=2 (full 0):
 garbage-first heap   total 262144K, used 3394K [0x0000000700c00000, 0x0000000800000000)
  region size 2048K, 1 young (2048K), 1 survivors (2048K)
 Metaspace       used 7371K, committed 7616K, reserved 1064960K
  class space    used 495K, committed 640K, reserved 1048576K
}

Deoptimization events (20 events):
Event: 0.468 Thread 0x00000156b5658e40 DEOPT PACKING pc=0x00000156c64364df sp=0x0000003b1c5fb820
Event: 0.468 Thread 0x00000156b5658e40 DEOPT UNPACKING pc=0x00000156be9a2945 sp=0x0000003b1c5facc0 mode 3
Event: 0.490 Thread 0x00000156b5658e40 Uncommon trap: trap_request=0xffffffed fr.pc=0x00000156c6451693 relative=0x0000000000000373
Event: 0.490 Thread 0x00000156b5658e40 Uncommon trap: reason=null_assert_or_unreached0 action=reinterpret pc=0x00000156c6451693 method=java.util.HashMap.put(Ljava/lang/Object;Ljava/lang/Object;)Ljava/lang/Object; @ 0 jvmci
Event: 0.490 Thread 0x00000156b5658e40 DEOPT PACKING pc=0x00000156c6451693 sp=0x0000003b1c5faf00
Event: 0.490 Thread 0x00000156b5658e40 DEOPT UNPACKING pc=0x00000156be9a2945 sp=0x0000003b1c5fa3e8 mode 3
Event: 0.515 Thread 0x00000156b5658e40 DEOPT PACKING pc=0x00000156bef36156 sp=0x0000003b1c5fa6c0
Event: 0.515 Thread 0x00000156b5658e40 DEOPT UNPACKING pc=0x00000156be9a2945 sp=0x0000003b1c5f9b48 mode 0
Event: 0.781 Thread 0x00000156b5658e40 DEOPT PACKING pc=0x00000156bef3c2e5 sp=0x0000003b1c5fd9a0
Event: 0.781 Thread 0x00000156b5658e40 DEOPT UNPACKING pc=0x00000156be9a2945 sp=0x0000003b1c5fcdf0 mode 0
Event: 0.993 Thread 0x00000156b5658e40 DEOPT PACKING pc=0x00000156bf0ef451 sp=0x0000003b1c5fed80
Event: 0.993 Thread 0x00000156b5658e40 DEOPT UNPACKING pc=0x00000156be9a2945 sp=0x0000003b1c5fe3d0 mode 0
Event: 0.994 Thread 0x00000156b5658e40 Uncommon trap: trap_request=0xffffffed fr.pc=0x00000156c647b113 relative=0x0000000000000473
Event: 0.994 Thread 0x00000156b5658e40 Uncommon trap: reason=null_assert_or_unreached0 action=reinterpret pc=0x00000156c647b113 method=main.engine.graphics.vulkan.nuklear.NuklearRenderActivity.createFontsTexture(Ljava/lang/String;Lmain/engine/graphics/vulkan/CommandPool;Lmain/engine/graphics/v
Event: 0.994 Thread 0x00000156b5658e40 DEOPT PACKING pc=0x00000156c647b113 sp=0x0000003b1c5fef70
Event: 0.994 Thread 0x00000156b5658e40 DEOPT UNPACKING pc=0x00000156be9a2945 sp=0x0000003b1c5fe3e0 mode 3
Event: 1.001 Thread 0x00000156b5658e40 Uncommon trap: trap_request=0xffffffed fr.pc=0x00000156c645f6e5 relative=0x00000000000005c5
Event: 1.001 Thread 0x00000156b5658e40 Uncommon trap: reason=null_assert_or_unreached0 action=reinterpret pc=0x00000156c645f6e5 method=java.lang.Integer.stringSize(I)I @ 27 jvmci
Event: 1.001 Thread 0x00000156b5658e40 DEOPT PACKING pc=0x00000156c645f6e5 sp=0x0000003b1c5fdef0
Event: 1.001 Thread 0x00000156b5658e40 DEOPT UNPACKING pc=0x00000156be9a2945 sp=0x0000003b1c5fd318 mode 3

Classes unloaded (0 events):
No events

Classes redefined (0 events):
No events

Internal exceptions (20 events):
Event: 0.452 Thread 0x00000156b5658e40 Exception <a 'java/lang/NoSuchMethodError'{0x00000007108651a8}: 'void java.lang.invoke.DirectMethodHandle$Holder.invokeStaticInit(java.lang.Object, java.lang.Object)'> (0x00000007108651a8) 
thrown [c:\users\buildbot\worker\e\main\jdk\src\hotspot\share\interpreter\linkResolver.cpp, line 766]
Event: 0.454 Thread 0x00000156b5658e40 Exception <a 'java/lang/NoSuchMethodError'{0x000000071086ad38}: 'int java.lang.invoke.DirectMethodHandle$Holder.invokeStaticInit(java.lang.Object, java.lang.Object)'> (0x000000071086ad38) 
thrown [c:\users\buildbot\worker\e\main\jdk\src\hotspot\share\interpreter\linkResolver.cpp, line 766]
Event: 0.472 Thread 0x00000156b5658e40 Exception <a 'java/lang/NoSuchMethodError'{0x00000007108cfb40}: 'java.lang.Object java.lang.invoke.DirectMethodHandle$Holder.invokeStaticInit(java.lang.Object, java.lang.Object, long, java.lang.Object)'> (0x00000007108cfb40) 
thrown [c:\users\buildbot\worker\e\main\jdk\src\hotspot\share\interpreter\linkResolver.cpp, line 766]
Event: 0.490 Thread 0x00000156b5658e40 Implicit null exception at 0x00000156c6451355 to 0x00000156c6451678
Event: 0.506 Thread 0x00000156b5658e40 Exception <a 'java/lang/NoSuchMethodError'{0x00000007107907d8}: 'java.lang.Object java.lang.invoke.DirectMethodHandle$Holder.invokeStatic(java.lang.Object, int, java.lang.Object)'> (0x00000007107907d8) 
thrown [c:\users\buildbot\worker\e\main\jdk\src\hotspot\share\interpreter\linkResolver.cpp, line 766]
Event: 0.517 Thread 0x00000156b5658e40 Exception <a 'sun/nio/fs/WindowsException'{0x00000007104eb7a0}> (0x00000007104eb7a0) 
thrown [c:\users\buildbot\worker\e\main\jdk\src\hotspot\share\prims\jni.cpp, line 516]
Event: 0.517 Thread 0x00000156b5658e40 Exception <a 'sun/nio/fs/WindowsException'{0x00000007104ebac0}> (0x00000007104ebac0) 
thrown [c:\users\buildbot\worker\e\main\jdk\src\hotspot\share\prims\jni.cpp, line 516]
Event: 0.628 Thread 0x00000156b5658e40 Exception <a 'java/lang/NoSuchMethodError'{0x00000007105a3d60}: 'java.lang.Object java.lang.invoke.DirectMethodHandle$Holder.newInvokeSpecial(java.lang.Object, long)'> (0x00000007105a3d60) 
thrown [c:\users\buildbot\worker\e\main\jdk\src\hotspot\share\interpreter\linkResolver.cpp, line 766]
Event: 0.687 Thread 0x00000156b5658e40 Exception <a 'java/lang/NoSuchMethodError'{0x0000000710350b60}: 'java.lang.Object java.lang.invoke.DirectMethodHandle$Holder.newInvokeSpecial(java.lang.Object, long, long)'> (0x0000000710350b60) 
thrown [c:\users\buildbot\worker\e\main\jdk\src\hotspot\share\interpreter\linkResolver.cpp, line 766]
Event: 0.696 Thread 0x00000156b5658e40 Exception <a 'sun/nio/fs/WindowsException'{0x00000007103d8a58}> (0x00000007103d8a58) 
thrown [c:\users\buildbot\worker\e\main\jdk\src\hotspot\share\prims\jni.cpp, line 516]
Event: 0.696 Thread 0x00000156b5658e40 Exception <a 'sun/nio/fs/WindowsException'{0x00000007103d8e18}> (0x00000007103d8e18) 
thrown [c:\users\buildbot\worker\e\main\jdk\src\hotspot\share\prims\jni.cpp, line 516]
Event: 0.736 Thread 0x00000156b5658e40 Exception <a 'java/lang/NoSuchMethodError'{0x00000007101e0c40}: 'void java.lang.invoke.DirectMethodHandle$Holder.invokeStatic(java.lang.Object, java.lang.Object, java.lang.Object)'> (0x00000007101e0c40) 
thrown [c:\users\buildbot\worker\e\main\jdk\src\hotspot\share\interpreter\linkResolver.cpp, line 766]
Event: 0.886 Thread 0x00000156b5658e40 Exception <a 'java/lang/NoSuchMethodError'{0x0000000710970ea0}: 'long java.lang.invoke.DirectMethodHandle$Holder.invokeStatic(java.lang.Object, long, long, long)'> (0x0000000710970ea0) 
thrown [c:\users\buildbot\worker\e\main\jdk\src\hotspot\share\interpreter\linkResolver.cpp, line 766]
Event: 0.886 Thread 0x00000156b5658e40 Exception <a 'java/lang/NoSuchMethodError'{0x00000007109744e0}: 'long java.lang.invoke.DirectMethodHandle$Holder.invokeStaticInit(java.lang.Object, long, long, long)'> (0x00000007109744e0) 
thrown [c:\users\buildbot\worker\e\main\jdk\src\hotspot\share\interpreter\linkResolver.cpp, line 766]
Event: 0.887 Thread 0x00000156b5658e40 Exception <a 'java/lang/NoSuchMethodError'{0x000000071097f260}: 'void java.lang.invoke.DirectMethodHandle$Holder.invokeStatic(java.lang.Object, long, long)'> (0x000000071097f260) 
thrown [c:\users\buildbot\worker\e\main\jdk\src\hotspot\share\interpreter\linkResolver.cpp, line 766]
Event: 0.888 Thread 0x00000156b5658e40 Exception <a 'java/lang/NoSuchMethodError'{0x00000007109827f0}: 'void java.lang.invoke.DirectMethodHandle$Holder.invokeStaticInit(java.lang.Object, long, long)'> (0x00000007109827f0) 
thrown [c:\users\buildbot\worker\e\main\jdk\src\hotspot\share\interpreter\linkResolver.cpp, line 766]
Event: 0.923 Thread 0x00000156b5658e40 Exception <a 'sun/nio/fs/WindowsException'{0x00000007104a3600}> (0x00000007104a3600) 
thrown [c:\users\buildbot\worker\e\main\jdk\src\hotspot\share\prims\jni.cpp, line 516]
Event: 0.923 Thread 0x00000156b5658e40 Exception <a 'sun/nio/fs/WindowsException'{0x00000007104a39f0}> (0x00000007104a39f0) 
thrown [c:\users\buildbot\worker\e\main\jdk\src\hotspot\share\prims\jni.cpp, line 516]
Event: 0.964 Thread 0x00000156b5658e40 Exception <a 'sun/nio/fs/WindowsException'{0x000000071058b2b8}> (0x000000071058b2b8) 
thrown [c:\users\buildbot\worker\e\main\jdk\src\hotspot\share\prims\jni.cpp, line 516]
Event: 0.964 Thread 0x00000156b5658e40 Exception <a 'sun/nio/fs/WindowsException'{0x000000071058b678}> (0x000000071058b678) 
thrown [c:\users\buildbot\worker\e\main\jdk\src\hotspot\share\prims\jni.cpp, line 516]

VM Operations (12 events):
Event: 0.086 Executing VM operation: HandshakeAllThreads
Event: 0.086 Executing VM operation: HandshakeAllThreads done
Event: 0.259 Executing VM operation: HandshakeAllThreads
Event: 0.259 Executing VM operation: HandshakeAllThreads done
Event: 0.277 Executing VM operation: HandshakeAllThreads
Event: 0.277 Executing VM operation: HandshakeAllThreads done
Event: 0.406 Executing VM operation: G1CollectForAllocation
Event: 0.408 Executing VM operation: G1CollectForAllocation done
Event: 0.482 Executing VM operation: HandshakeAllThreads
Event: 0.482 Executing VM operation: HandshakeAllThreads done
Event: 0.799 Executing VM operation: G1CollectForAllocation
Event: 0.801 Executing VM operation: G1CollectForAllocation done

Events (20 events):
Event: 0.505 loading class java/time/Instant$1 done
Event: 0.505 loading class java/time/ZonedDateTime
Event: 0.505 loading class java/time/chrono/ChronoZonedDateTime
Event: 0.506 loading class java/time/chrono/ChronoZonedDateTime done
Event: 0.506 loading class java/time/ZonedDateTime done
Event: 0.506 loading class java/time/temporal/TemporalAdjusters
Event: 0.506 loading class java/time/temporal/TemporalAdjusters done
Event: 0.507 loading class java/time/zone/ZoneOffsetTransitionRule$1
Event: 0.507 loading class java/time/zone/ZoneOffsetTransitionRule$1 done
Event: 0.507 loading class java/time/ZonedDateTime$1
Event: 0.507 loading class java/time/ZonedDateTime$1 done
Event: 0.697 Loaded shared library C:\Users\Christopher\AppData\Local\Temp\lwjglChristopher\3.3.0-build-18\lwjgl_vma.dll
Event: 0.924 Loaded shared library C:\Users\Christopher\AppData\Local\Temp\lwjglChristopher\3.3.0-build-18\lwjgl_nuklear.dll
Event: 0.965 Loaded shared library C:\Users\Christopher\AppData\Local\Temp\lwjglChristopher\3.3.0-build-18\lwjgl_stb.dll
Event: 0.968 loading class java/nio/channels/spi/AbstractInterruptibleChannel$1
Event: 0.968 loading class sun/nio/ch/Interruptible
Event: 0.968 loading class sun/nio/ch/Interruptible done
Event: 0.968 loading class java/nio/channels/spi/AbstractInterruptibleChannel$1 done
Event: 0.976 loading class jdk/internal/misc/ScopedMemoryAccess$Scope
Event: 0.976 loading class jdk/internal/misc/ScopedMemoryAccess$Scope done


Dynamic libraries:
0x00007ff7d9df0000 - 0x00007ff7d9dfe000 	C:\Program Files\Java\graalvm-ce-java17-21.3.0\bin\javaw.exe
0x00007ff9ac310000 - 0x00007ff9ac505000 	C:\Windows\SYSTEM32\ntdll.dll
0x00007ff9abe80000 - 0x00007ff9abf3e000 	C:\Windows\System32\KERNEL32.DLL
0x00007ff9a9bd0000 - 0x00007ff9a9e98000 	C:\Windows\System32\KERNELBASE.dll
0x00007ff9a9ad0000 - 0x00007ff9a9bd0000 	C:\Windows\System32\ucrtbase.dll
0x00007ff9a7110000 - 0x00007ff9a7128000 	C:\Program Files\Java\graalvm-ce-java17-21.3.0\bin\jli.dll
0x00007ff9ab750000 - 0x00007ff9ab8f0000 	C:\Windows\System32\USER32.dll
0x00007ff9a4760000 - 0x00007ff9a477a000 	C:\Program Files\Java\graalvm-ce-java17-21.3.0\bin\VCRUNTIME140.dll
0x00007ff9a9f50000 - 0x00007ff9a9f72000 	C:\Windows\System32\win32u.dll
0x00007ff9aa810000 - 0x00007ff9aa83b000 	C:\Windows\System32\GDI32.dll
0x00007ff99a370000 - 0x00007ff99a60a000 	C:\Windows\WinSxS\amd64_microsoft.windows.common-controls_6595b64144ccf1df_6.0.19041.1110_none_60b5254171f9507e\COMCTL32.dll
0x00007ff9a9f80000 - 0x00007ff9aa08b000 	C:\Windows\System32\gdi32full.dll
0x00007ff9aa9d0000 - 0x00007ff9aaa6e000 	C:\Windows\System32\msvcrt.dll
0x00007ff9aa2d0000 - 0x00007ff9aa36d000 	C:\Windows\System32\msvcp_win.dll
0x00007ff9ac2a0000 - 0x00007ff9ac2d0000 	C:\Windows\System32\IMM32.DLL
0x00007ff9a7200000 - 0x00007ff9a720c000 	C:\Program Files\Java\graalvm-ce-java17-21.3.0\bin\vcruntime140_1.dll
0x00007ff9907e0000 - 0x00007ff99086d000 	C:\Program Files\Java\graalvm-ce-java17-21.3.0\bin\msvcp140.dll
0x00007ff934ad0000 - 0x00007ff935692000 	C:\Program Files\Java\graalvm-ce-java17-21.3.0\bin\server\jvm.dll
0x00007ff9abdd0000 - 0x00007ff9abe7e000 	C:\Windows\System32\ADVAPI32.dll
0x00007ff9aa8c0000 - 0x00007ff9aa95c000 	C:\Windows\System32\sechost.dll
0x00007ff9abc40000 - 0x00007ff9abd65000 	C:\Windows\System32\RPCRT4.dll
0x00007ff9aa4d0000 - 0x00007ff9aa4d8000 	C:\Windows\System32\PSAPI.DLL
0x00007ff996b70000 - 0x00007ff996b79000 	C:\Windows\SYSTEM32\WSOCK32.dll
0x00007ff9abb00000 - 0x00007ff9abb6b000 	C:\Windows\System32\WS2_32.dll
0x00007ff9a0b40000 - 0x00007ff9a0b67000 	C:\Windows\SYSTEM32\WINMM.dll
0x00007ff9a2b40000 - 0x00007ff9a2b4a000 	C:\Windows\SYSTEM32\VERSION.dll
0x00007ff9a7960000 - 0x00007ff9a7972000 	C:\Windows\SYSTEM32\kernel.appcore.dll
0x00007ff9a4750000 - 0x00007ff9a475a000 	C:\Program Files\Java\graalvm-ce-java17-21.3.0\bin\jimage.dll
0x00007ff9a2fc0000 - 0x00007ff9a31a4000 	C:\Windows\SYSTEM32\DBGHELP.DLL
0x00007ff997280000 - 0x00007ff9972ac000 	C:\Windows\SYSTEM32\dbgcore.DLL
0x00007ff9aa240000 - 0x00007ff9aa2c2000 	C:\Windows\System32\bcryptPrimitives.dll
0x00007ff9924a0000 - 0x00007ff9924c5000 	C:\Program Files\Java\graalvm-ce-java17-21.3.0\bin\java.dll
0x00007ff990700000 - 0x00007ff9907d6000 	C:\Program Files\Java\graalvm-ce-java17-21.3.0\bin\svml.dll
0x00007ff9aab90000 - 0x00007ff9ab2d4000 	C:\Windows\System32\SHELL32.dll
0x00007ff9a7b60000 - 0x00007ff9a82f4000 	C:\Windows\SYSTEM32\windows.storage.dll
0x00007ff9abf40000 - 0x00007ff9ac294000 	C:\Windows\System32\combase.dll
0x00007ff9a9490000 - 0x00007ff9a94bc000 	C:\Windows\SYSTEM32\Wldp.dll
0x00007ff9abb70000 - 0x00007ff9abc1d000 	C:\Windows\System32\SHCORE.dll
0x00007ff9aa970000 - 0x00007ff9aa9c5000 	C:\Windows\System32\shlwapi.dll
0x00007ff9a9970000 - 0x00007ff9a998f000 	C:\Windows\SYSTEM32\profapi.dll
0x00007ff91ff50000 - 0x00007ff9221d3000 	C:\Program Files\Java\graalvm-ce-java17-21.3.0\bin\jvmcicompiler.dll
0x00007ff9a98f0000 - 0x00007ff9a991e000 	C:\Windows\SYSTEM32\USERENV.dll
0x00007ff9a9500000 - 0x00007ff9a9527000 	C:\Windows\SYSTEM32\ncrypt.dll
0x00007ff9a8e90000 - 0x00007ff9a8ecb000 	C:\Windows\SYSTEM32\IPHLPAPI.DLL
0x00007ff9a94c0000 - 0x00007ff9a94fb000 	C:\Windows\SYSTEM32\NTASN1.dll
0x00007ff996540000 - 0x00007ff996559000 	C:\Program Files\Java\graalvm-ce-java17-21.3.0\bin\net.dll
0x00007ff99e420000 - 0x00007ff99e529000 	C:\Windows\SYSTEM32\WINHTTP.dll
0x00007ff9a91f0000 - 0x00007ff9a925a000 	C:\Windows\system32\mswsock.dll
0x00007ff9962a0000 - 0x00007ff9962b5000 	C:\Program Files\Java\graalvm-ce-java17-21.3.0\bin\nio.dll
0x00007ff992480000 - 0x00007ff992498000 	C:\Program Files\Java\graalvm-ce-java17-21.3.0\bin\zip.dll
0x00007ff998ba0000 - 0x00007ff998bb0000 	C:\Program Files\Java\graalvm-ce-java17-21.3.0\bin\verify.dll
0x00007ff983a80000 - 0x00007ff983af0000 	C:\Users\Christopher\AppData\Local\Temp\lwjglChristopher\3.3.0-build-18\lwjgl.dll
0x00007ff97d040000 - 0x00007ff97d0a1000 	C:\Users\CHRIST~1\AppData\Local\Temp\lwjglChristopher\3.3.0-build-18\glfw.dll
0x00007ff965390000 - 0x00007ff9653d5000 	C:\Windows\SYSTEM32\dinput8.dll
0x00007ff991d30000 - 0x00007ff991d41000 	C:\Windows\SYSTEM32\xinput1_4.dll
0x00007ff9aa1f0000 - 0x00007ff9aa23e000 	C:\Windows\System32\cfgmgr32.dll
0x00007ff9a97d0000 - 0x00007ff9a9803000 	C:\Windows\SYSTEM32\DEVOBJ.dll
0x00007ff9a7670000 - 0x00007ff9a769f000 	C:\Windows\SYSTEM32\dwmapi.dll
0x00007ff991f60000 - 0x00007ff9920b2000 	C:\Windows\SYSTEM32\inputhost.dll
0x00007ff9aa370000 - 0x00007ff9aa43d000 	C:\Windows\System32\OLEAUT32.dll
0x00007ff9a6ea0000 - 0x00007ff9a6f92000 	C:\Windows\SYSTEM32\CoreMessaging.dll
0x00007ff9a5fa0000 - 0x00007ff9a6096000 	C:\Windows\SYSTEM32\PROPSYS.dll
0x00007ff9a6270000 - 0x00007ff9a63c4000 	C:\Windows\SYSTEM32\wintypes.dll
0x00007ff9a6b40000 - 0x00007ff9a6e9e000 	C:\Windows\SYSTEM32\CoreUIComponents.dll
0x00007ff9a8730000 - 0x00007ff9a8763000 	C:\Windows\SYSTEM32\ntmarta.dll
0x00007ff9a73e0000 - 0x00007ff9a747e000 	C:\Windows\system32\uxtheme.dll
0x00007ff9aa690000 - 0x00007ff9aa7a6000 	C:\Windows\System32\MSCTF.dll
0x00007ff974770000 - 0x00007ff9748d1000 	C:\Windows\SYSTEM32\vulkan-1.dll
0x00007ff9a8340000 - 0x00007ff9a8433000 	C:\Windows\system32\dxgi.dll
0x00007ff91b140000 - 0x00007ff91d9bd000 	C:\Windows\System32\DriverStore\FileRepository\u0376724.inf_amd64_aa44b9d5e398e987\B376581\amdvlk64.dll
0x00007ff9ab2e0000 - 0x00007ff9ab750000 	C:\Windows\System32\SETUPAPI.dll
0x00007ff9a9a30000 - 0x00007ff9a9a57000 	C:\Windows\System32\bcrypt.dll
0x00007ff99e840000 - 0x00007ff99e870000 	C:\Windows\SYSTEM32\amdihk64.dll
0x00007ff992210000 - 0x00007ff992309000 	C:\Windows\SYSTEM32\textinputframework.dll
0x00007ff94c580000 - 0x00007ff94c7d6000 	C:\Users\CHRIST~1\AppData\Local\Temp\lwjglChristopher\3.3.0-build-18\jemalloc.dll
0x00007ff996260000 - 0x00007ff996269000 	C:\Program Files\Java\graalvm-ce-java17-21.3.0\bin\management.dll
0x00007ff995f70000 - 0x00007ff995f7b000 	C:\Program Files\Java\graalvm-ce-java17-21.3.0\bin\management_ext.dll
0x00007ff919540000 - 0x00007ff91b137000 	C:\VulkanSDK\1.3.204.0\Bin\VkLayer_khronos_validation.dll
0x00007ff990fc0000 - 0x00007ff991008000 	C:\ProgramData\obs-studio-hook\graphics-hook64.dll
0x00007ff9906b0000 - 0x00007ff9906f9000 	C:\Program Files (x86)\Overwolf\0.194.0.16\ow-graphics-vulkan.dll
0x00007ff9829f0000 - 0x00007ff982a29000 	C:\Users\Christopher\AppData\Local\Overwolf\Extensions\ncfplpkmiejjaklknfnkgcpapnhkggmlcppckhcb\192.0.2\obs\data\obs-plugins\win-capture\ow-graphics-hook64.dll
0x00007ff934670000 - 0x00007ff934ac9000 	C:\Program Files (x86)\Overwolf\0.194.0.16\owclient.dll
0x00007ff9ab8f0000 - 0x00007ff9aba1a000 	C:\Windows\System32\ole32.dll
0x00007ff9aa090000 - 0x00007ff9aa1e6000 	C:\Windows\System32\CRYPT32.dll
0x00007ff9a9a60000 - 0x00007ff9a9ac8000 	C:\Windows\System32\WINTRUST.dll
0x00007ff9a9610000 - 0x00007ff9a9622000 	C:\Windows\SYSTEM32\MSASN1.dll
0x00007ff97db40000 - 0x00007ff97db89000 	C:\Users\Christopher\AppData\Local\Temp\lwjglChristopher\3.3.0-build-18\lwjgl_vma.dll
0x00007ff97c5d0000 - 0x00007ff97c62e000 	C:\Users\Christopher\AppData\Local\Temp\lwjglChristopher\3.3.0-build-18\lwjgl_nuklear.dll
0x00007ff96f060000 - 0x00007ff96f0e1000 	C:\Users\Christopher\AppData\Local\Temp\lwjglChristopher\3.3.0-build-18\lwjgl_stb.dll

dbghelp: loaded successfully - version: 4.0.5 - missing functions: none
symbol engine: initialized successfully - sym options: 0x614 - pdb path: .;C:\Program Files\Java\graalvm-ce-java17-21.3.0\bin;C:\Windows\SYSTEM32;C:\Windows\WinSxS\amd64_microsoft.windows.common-controls_6595b64144ccf1df_6.0.19041.1110_none_60b5254171f9507e;C:\Program Files\Java\graalvm-ce-java17-21.3.0\bin\server;C:\Users\Christopher\AppData\Local\Temp\lwjglChristopher\3.3.0-build-18;C:\Users\CHRIST~1\AppData\Local\Temp\lwjglChristopher\3.3.0-build-18;C:\Windows\System32\DriverStore\FileRepository\u0376724.inf_amd64_aa44b9d5e398e987\B376581;C:\VulkanSDK\1.3.204.0\Bin;C:\ProgramData\obs-studio-hook;C:\Program Files (x86)\Overwolf\0.194.0.16;C:\Users\Christopher\AppData\Local\Overwolf\Extensions\ncfplpkmiejjaklknfnkgcpapnhkggmlcppckhcb\192.0.2\obs\data\obs-plugins\win-capture

VM Arguments:
jvm_args: -XX:ThreadPriorityPolicy=1 -XX:+UnlockExperimentalVMOptions -XX:+EnableJVMCIProduct -XX:-UnlockExperimentalVMOptions --enable-native-access=ALL-UNNAMED --add-modules=jdk.incubator.foreign --enable-preview -Dfile.encoding=Cp1252 -XX:+ShowCodeDetailsInExceptionMessages 
java_command: main.game.Main
java_class_path (initial): C:\Users\Christopher\Documents\Workspace\Libs\lwjgl-nightly-2021-10-28-custom\joml-1.10.2.jar;C:\Users\Christopher\Documents\Workspace\Libs\lwjgl-nightly-2021-10-28-custom\lwjgl.jar;C:\Users\Christopher\Documents\Workspace\Libs\lwjgl-nightly-2021-10-28-custom\lwjgl-assimp.jar;C:\Users\Christopher\Documents\Workspace\Libs\lwjgl-nightly-2021-10-28-custom\lwjgl-assimp-natives-windows.jar;C:\Users\Christopher\Documents\Workspace\Libs\lwjgl-nightly-2021-10-28-custom\lwjgl-bgfx.jar;C:\Users\Christopher\Documents\Workspace\Libs\lwjgl-nightly-2021-10-28-custom\lwjgl-bgfx-natives-windows.jar;C:\Users\Christopher\Documents\Workspace\Libs\lwjgl-nightly-2021-10-28-custom\lwjgl-cuda.jar;C:\Users\Christopher\Documents\Workspace\Libs\lwjgl-nightly-2021-10-28-custom\lwjgl-driftfx.jar;C:\Users\Christopher\Documents\Workspace\Libs\lwjgl-nightly-2021-10-28-custom\lwjgl-driftfx-natives-windows.jar;C:\Users\Christopher\Documents\Workspace\Libs\lwjgl-nightly-2021-10-28-custom\lwjgl-egl.jar;C:\Users\Christopher\Documents\Workspace\Libs\lwjgl-nightly-2021-10-28-custom\lwjgl-glfw.jar;C:\Users\Christopher\Documents\Workspace\Libs\lwjgl-nightly-2021-10-28-custom\lwjgl-glfw-natives-windows.jar;C:\Users\Christopher\Documents\Workspace\Libs\lwjgl-nightly-2021-10-28-custom\lwjgl-jawt.jar;C:\Users\Christopher\Documents\Workspace\Libs\lwjgl-nightly-2021-10-28-custom\lwjgl-jemalloc.jar;C:\Users\Christopher\Documents\Workspace\Libs\lwjgl-nightly-2021-10-28-custom\lwjgl-jemalloc-natives-windows.jar;C:\Users\Christopher\Documents\Workspace\Libs\lwjgl-nightly-2021-10-28-custom\lwjgl-libdivide.jar;C:\Users\Christopher\Documents\Workspace\Libs\lwjgl-nightly-2021-10-28-custom\lwjgl-libdivide-natives-windows.jar;C:\Users\Christopher\Documents\Workspace\Libs\lwjgl-nightly-2021-10-28-custom\lwjgl-llvm.jar;C:\Users\Christopher\Documents\Workspace\Libs\lwjgl-nightly-2021-10-28-custom\lwjgl-llvm-natives-windows.jar;C:\Users\Christopher\Documents\Workspace\Libs\lwjgl-nightly-2021-10-2
Launcher Type: SUN_STANDARD

[Global flags]
     intx CICompilerCount                          = 3                                         {product} {ergonomic}
     uint ConcGCThreads                            = 1                                         {product} {ergonomic}
     bool EnableJVMCIProduct                       = true                                {JVMCI product} {jimage}
     uint G1ConcRefinementThreads                  = 4                                         {product} {ergonomic}
   size_t G1HeapRegionSize                         = 2097152                                   {product} {ergonomic}
    uintx GCDrainStackTargetSize                   = 64                                        {product} {ergonomic}
   size_t InitialHeapSize                          = 268435456                                 {product} {ergonomic}
   size_t MarkStackSize                            = 4194304                                   {product} {ergonomic}
   size_t MaxHeapSize                              = 4282384384                                {product} {ergonomic}
   size_t MaxNewSize                               = 2569011200                                {product} {ergonomic}
   size_t MinHeapDeltaBytes                        = 2097152                                   {product} {ergonomic}
   size_t MinHeapSize                              = 8388608                                   {product} {ergonomic}
    uintx NonNMethodCodeHeapSize                   = 5832780                                {pd product} {ergonomic}
    uintx NonProfiledCodeHeapSize                  = 122912730                              {pd product} {ergonomic}
    uintx ProfiledCodeHeapSize                     = 122912730                              {pd product} {ergonomic}
    uintx ReservedCodeCacheSize                    = 251658240                              {pd product} {ergonomic}
     bool SegmentedCodeCache                       = true                                      {product} {ergonomic}
     bool ShowCodeDetailsInExceptionMessages       = true                                   {manageable} {command line}
   size_t SoftMaxHeapSize                          = 4282384384                             {manageable} {ergonomic}
     intx ThreadPriorityPolicy                     = 1                                         {product} {jimage}
     bool UseCompressedClassPointers               = true                           {product lp64_product} {ergonomic}
     bool UseCompressedOops                        = true                           {product lp64_product} {ergonomic}
     bool UseG1GC                                  = true                                      {product} {ergonomic}
     bool UseLargePagesIndividualAllocation        = false                                  {pd product} {ergonomic}

Logging:
Log output configuration:
 #0: stdout all=warning uptime,level,tags
 #1: stderr all=off uptime,level,tags

Environment Variables:
JAVA_HOME=C:\Program Files\Java\graalvm-ce-java17-21.3.0
PATH=C:/Program Files/Java/jdk-14.0.2/bin/server;C:/Program Files/Java/jdk-14.0.2/bin;C:\VulkanSDK\1.3.204.0\Bin;C:\Program Files\Java\graalvm-ce-java17-21.3.0\bin;C:\Program Files (x86)\NVIDIA Corporation\PhysX\Common;C:\Windows\system32;C:\Windows;C:\Windows\System32\Wbem;C:\Windows\System32\WindowsPowerShell\v1.0\;C:\Windows\System32\OpenSSH\;C:\Program Files\Git\cmd;C:\Program Files\Intel\WiFi\bin\;C:\Program Files\Common Files\Intel\WirelessCommon\;C:\Users\Christopher\Documents\apache-ant-1.10.11\bin;C:\Users\Christopher\AppData\Local\Microsoft\WindowsApps;C:\Users\Christopher\AppData\Local\Programs\Microsoft VS Code\bin;C:\Users\Christopher\AppData\Local\GitHubDesktop\bin;C:\Program Files\Intel\WiFi\bin\;C:\Program Files\Common Files\Intel\WirelessCommon\;C:\Program Files\CMake\bin;;C:\Users\Christopher\eclipse\java-2021-03\eclipse;
USERNAME=Christopher
OS=Windows_NT
PROCESSOR_IDENTIFIER=Intel64 Family 6 Model 158 Stepping 11, GenuineIntel



---------------  S Y S T E M  ---------------

OS:
 Windows 10 , 64 bit Build 19041 (10.0.19041.1566)
OS uptime: 3 days 21:18 hours

CPU: total 4 (initial active 4) (4 cores per cpu, 1 threads per core) family 6 model 158 stepping 11 microcode 0xb4, cx8, cmov, fxsr, mmx, 3dnowpref, sse, sse2, sse3, ssse3, sse4.1, sse4.2, popcnt, lzcnt, tsc, tscinvbit, avx, avx2, aes, erms, clmul, bmi1, bmi2, adx, fma, vzeroupper, clflush, clflushopt

Memory: 4k page, system-wide physical 16328M (10138M free)
TotalPageFile size 25544M (AvailPageFile size 12790M)
current process WorkingSet (physical memory assigned to process): 445M, peak: 445M
current process commit charge ("private bytes"): 1017M, peak: 1018M

vm_info: OpenJDK 64-Bit Server VM (17.0.1+12-jvmci-21.3-b05) for windows-amd64 JRE (17.0.1+12-jvmci-21.3-b05), built on Oct 15 2021 23:20:35 by "" with MS VC++ 16.8 (VS2019)

END.
